<?xml version="1.0" encoding="UTF-8"?>
<!-- Generated by org.testng.reporters.JUnitReportReporter -->
<testsuite hostname="DESKTOP-NSI1CJ5" failures="0" tests="1" name="cars.AudiTest" time="70.719" errors="0" timestamp="2025-05-22T21:58:15 IST" skipped="0">
  <testcase classname="cars.AudiTest" name="launch" time="70.719">
    <system-out>
      <![CDATA[Audi launched]]>
    </system-out>
  </testcase> <!-- launch -->
  <system-out>
    <![CDATA[Audi launched]]>
  </system-out>
</testsuite> <!-- cars.AudiTest -->
