<?xml version="1.0" encoding="UTF-8"?>
<!-- Generated by org.testng.reporters.JUnitReportReporter -->
<testsuite hostname="DESKTOP-NSI1CJ5" failures="0" tests="1" name="bikes.KawasakiTest" time="10.349" errors="0" timestamp="2025-05-08T09:27:31 IST" skipped="0">
  <testcase classname="bikes.KawasakiTest" name="launch" time="10.349">
    <system-out>
      <![CDATA[Kawasaki bike launched]]>
    </system-out>
  </testcase> <!-- launch -->
  <system-out>
    <![CDATA[Yamaha launched
Bajaj is launched
Kawasaki bike launched
Ducati is launched]]>
  </system-out>
</testsuite> <!-- bikes.KawasakiTest -->
