<?xml version="1.0" encoding="UTF-8"?>
<!-- Generated by org.testng.reporters.JUnitReportReporter -->
<testsuite hostname="DESKTOP-NSI1CJ5" failures="0" tests="1" name="demo.Sample1" time="4.656" errors="0" timestamp="2025-05-07T09:01:28 IST" skipped="0">
  <testcase classname="demo.Sample1" name="launch" time="4.656">
    <system-out>
      <![CDATA[Sample class executed]]>
    </system-out>
  </testcase> <!-- launch -->
  <system-out>
    <![CDATA[Sample class executed]]>
  </system-out>
</testsuite> <!-- demo.Sample1 -->
