<?xml version="1.0" encoding="UTF-8"?>
<!-- Generated by org.testng.reporters.JUnitReportReporter -->
<testsuite hostname="DESKTOP-NSI1CJ5" failures="0" tests="1" name="extentReports.ToAddScreenshotIntoReport" time="10.363" errors="0" timestamp="2025-05-09T08:56:08 IST" skipped="0">
  <testcase classname="extentReports.ToAddScreenshotIntoReport" name="addScreenshot" time="10.363"/>
</testsuite> <!-- extentReports.ToAddScreenshotIntoReport -->
