<?xml version="1.0" encoding="UTF-8"?>
<!-- Generated by org.testng.reporters.JUnitReportReporter -->
<testsuite hostname="DESKTOP-NSI1CJ5" failures="0" tests="1" name="bikes.YamahaTest" time="9.892" errors="0" timestamp="2025-05-08T09:27:31 IST" skipped="0">
  <testcase classname="bikes.YamahaTest" name="lunch" time="9.892">
    <system-out>
      <![CDATA[Yamaha launched]]>
    </system-out>
  </testcase> <!-- lunch -->
  <system-out>
    <![CDATA[Yamaha launched
Bajaj is launched
Kawasaki bike launched
Ducati is launched]]>
  </system-out>
</testsuite> <!-- bikes.YamahaTest -->
