<?xml version="1.0" encoding="UTF-8"?>
<!-- Generated by org.testng.reporters.JUnitReportReporter -->
<testsuite hostname="DESKTOP-NSI1CJ5" failures="0" tests="1" name="extentReports.ToLearnExtentReport" time="1.093" errors="0" timestamp="2025-05-09T08:21:15 IST" skipped="0">
  <testcase classname="extentReports.ToLearnExtentReport" name="createReport" time="1.093"/>
</testsuite> <!-- extentReports.ToLearnExtentReport -->
