<?xml version="1.0" encoding="UTF-8"?>
<!-- Generated by org.testng.reporters.JUnitReportReporter -->
<testsuite hostname="DESKTOP-NSI1CJ5" failures="0" tests="1" name="extentReports.Assingnment09May" time="21.601" errors="0" timestamp="2025-05-09T21:56:52 IST" skipped="0">
  <testcase classname="extentReports.Assingnment09May" name="AddLoginFailureScreenshot" time="21.601"/>
</testsuite> <!-- extentReports.Assingnment09May -->
