<?xml version="1.0" encoding="UTF-8"?>
<!-- Generated by org.testng.reporters.JUnitReportReporter -->
<testsuite hostname="DESKTOP-NSI1CJ5" failures="0" tests="1" name="extentReports.ToLEarnExtentReportUpdateModify" time="1.056" errors="0" timestamp="2025-05-09T08:42:43 IST" skipped="0">
  <testcase classname="extentReports.ToLEarnExtentReportUpdateModify" name="createReport" time="1.056"/>
</testsuite> <!-- extentReports.ToLEarnExtentReportUpdateModify -->
